<?xml version="1.0" encoding="UTF-8"?>
<testng-results skipped="0" failed="0" total="4" passed="4">
  <reporter-output>
  </reporter-output>
  <suite name="Default suite" duration-ms="12171" started-at="2015-06-24T13:57:25Z" finished-at="2015-06-24T13:57:37Z">
    <groups>
    </groups>
    <test name="Default test" duration-ms="12171" started-at="2015-06-24T13:57:25Z" finished-at="2015-06-24T13:57:37Z">
      <class name="com.example.tests.GroupCreationTests">
        <test-method status="PASS" signature="testGroupWithEmptyDataCanBeCreated()[pri:0, instance:com.example.tests.GroupCreationTests@48c4c732]" name="testGroupWithEmptyDataCanBeCreated" duration-ms="1935" started-at="2015-06-24T16:57:30Z" finished-at="2015-06-24T16:57:32Z">
          <reporter-output>
          </reporter-output>
        </test-method> <!-- testGroupWithEmptyDataCanBeCreated -->
        <test-method status="PASS" signature="testValidGr()[pri:0, instance:com.example.tests.GroupCreationTests@48c4c732]" name="testValidGr" duration-ms="1634" started-at="2015-06-24T16:57:32Z" finished-at="2015-06-24T16:57:34Z">
          <reporter-output>
          </reporter-output>
        </test-method> <!-- testValidGr -->
      </class> <!-- com.example.tests.GroupCreationTests -->
      <class name="com.example.tests.TestBase">
        <test-method status="PASS" signature="setUp()[pri:0, instance:com.example.tests.TestBase@791fdc64]" name="setUp" is-config="true" duration-ms="5099" started-at="2015-06-24T16:57:25Z" finished-at="2015-06-24T16:57:30Z">
          <reporter-output>
          </reporter-output>
        </test-method> <!-- setUp -->
        <test-method status="PASS" signature="tearDown()[pri:0, instance:com.example.tests.TestBase@791fdc64]" name="tearDown" is-config="true" duration-ms="193" started-at="2015-06-24T16:57:37Z" finished-at="2015-06-24T16:57:37Z">
          <reporter-output>
          </reporter-output>
        </test-method> <!-- tearDown -->
      </class> <!-- com.example.tests.TestBase -->
      <class name="com.example.tests.CopyOfGroupCreationTests">
        <test-method status="PASS" signature="testGroupWithEmptyDataCanBeCreated()[pri:0, instance:com.example.tests.CopyOfGroupCreationTests@75591da2]" name="testGroupWithEmptyDataCanBeCreated" duration-ms="1623" started-at="2015-06-24T16:57:34Z" finished-at="2015-06-24T16:57:36Z">
          <reporter-output>
          </reporter-output>
        </test-method> <!-- testGroupWithEmptyDataCanBeCreated -->
        <test-method status="PASS" signature="testValidGr()[pri:0, instance:com.example.tests.CopyOfGroupCreationTests@75591da2]" name="testValidGr" duration-ms="1675" started-at="2015-06-24T16:57:36Z" finished-at="2015-06-24T16:57:37Z">
          <reporter-output>
          </reporter-output>
        </test-method> <!-- testValidGr -->
      </class> <!-- com.example.tests.CopyOfGroupCreationTests -->
    </test> <!-- Default test -->
  </suite> <!-- Default suite -->
</testng-results>
