<?xml version="1.0" encoding="UTF-8"?>
<!-- Generated by org.testng.reporters.JUnitXMLReporter -->
<testsuite hostname="RU1202197827" name="Default test" tests="4" failures="0" timestamp="24 Jun 2015 13:57:37 GMT" time="12.171" errors="0">
  <testcase name="testGroupWithEmptyDataCanBeCreated" time="1.935" classname="com.example.tests.GroupCreationTests"/>
  <testcase name="testValidGr" time="1.634" classname="com.example.tests.GroupCreationTests"/>
  <testcase name="testGroupWithEmptyDataCanBeCreated" time="1.623" classname="com.example.tests.CopyOfGroupCreationTests"/>
  <testcase name="testValidGr" time="1.675" classname="com.example.tests.CopyOfGroupCreationTests"/>
</testsuite> <!-- Default test -->
